1514859764677	geckodriver	INFO	geckodriver 0.18.0
1514859764685	geckodriver	INFO	Listening on 127.0.0.1:50484
1514859765755	geckodriver::marionette	INFO	Starting browser /Applications/Firefox.app/Contents/MacOS/firefox-bin with args ["-marionette"]
1514859766378	Marionette	INFO	Enabled via --marionette
2018-01-02 10:22:47.415 plugin-container[1419:29168] *** CFMessagePort: bootstrap_register(): failed 1100 (0x44c) 'Permission denied', port = 0x8403, name = 'com.apple.tsm.portname'
See /usr/include/servers/bootstrap_defs.h for the error codes.
1514859768105	Marionette	INFO	Listening on port 50489
1514859768205	Marionette	WARN	TLS certificate errors will be ignored for this session
1514859768285	Marionette	DEBUG	Register listener.js for window 2147483649
1514859768326	Marionette	DEBUG	Received DOM event "beforeunload" for "about:blank"
1514859769235	Marionette	DEBUG	Received DOM event "pagehide" for "about:blank"
1514859769236	Marionette	DEBUG	Received DOM event "unload" for "about:blank"
JavaScript warning: https://cdn.joinquant.net/common/js/lib.min.js?v=2017122216070620171227195225, line 14: unreachable code after return statement
1514859770792	Marionette	DEBUG	Received DOM event "DOMContentLoaded" for "https://www.joinquant.com/user/login/index"
1514859771229	Marionette	DEBUG	Received DOM event "pageshow" for "https://www.joinquant.com/user/login/index"
console.error: 
  Message: Error: Source map at https://cdn.joinquant.net/common/css/bootstrap-select.css.map not found or invalid
  Stack:
    _fetchSourceMap/map<@resource://devtools/shared/base-loader.js -> resource://devtools/server/actors/stylesheets.js:578:25
process@resource://gre/modules/Promise.jsm -> resource://gre/modules/Promise-backend.js:922:23
walkerLoop@resource://gre/modules/Promise.jsm -> resource://gre/modules/Promise-backend.js:806:7
scheduleWalkerLoop/<@resource://gre/modules/Promise.jsm -> resource://gre/modules/Promise-backend.js:742:11

_fetchSourceMap/map<@resource://devtools/shared/base-loader.js -> resource://devtools/server/actors/stylesheets.js:578:25
process@resource://gre/modules/Promise.jsm -> resource://gre/modules/Promise-backend.js:922:23
walkerLoop@resource://gre/modules/Promise.jsm -> resource://gre/modules/Promise-backend.js:806:7
scheduleWalkerLoop/<@resource://gre/modules/Promise.jsm -> resource://gre/modules/Promise-backend.js:742:11
console.error: 
  Protocol error (unknownError): Source map at https://cdn.joinquant.net/common/css/bootstrap-select.css.map not found or invalid
1514860225963	geckodriver	INFO	geckodriver 0.18.0
1514860225969	geckodriver	INFO	Listening on 127.0.0.1:50595
1514860227036	geckodriver::marionette	INFO	Starting browser /Applications/Firefox.app/Contents/MacOS/firefox-bin with args ["-marionette"]
1514860227668	Marionette	INFO	Enabled via --marionette
2018-01-02 10:30:28.679 plugin-container[1515:33309] *** CFMessagePort: bootstrap_register(): failed 1100 (0x44c) 'Permission denied', port = 0x803f, name = 'com.apple.tsm.portname'
See /usr/include/servers/bootstrap_defs.h for the error codes.
1514860229401	Marionette	INFO	Listening on port 50600
1514860229490	Marionette	WARN	TLS certificate errors will be ignored for this session
1514860229549	Marionette	DEBUG	Register listener.js for window 2147483649
1514860229587	Marionette	DEBUG	Received DOM event "beforeunload" for "about:blank"
1514860230119	Marionette	DEBUG	Received DOM event "pagehide" for "about:blank"
1514860230120	Marionette	DEBUG	Received DOM event "unload" for "about:blank"
JavaScript warning: https://cdn.joinquant.net/common/js/lib.min.js?v=2017122216070620171227195225, line 14: unreachable code after return statement
1514860231090	Marionette	DEBUG	Received DOM event "DOMContentLoaded" for "https://www.joinquant.com/user/login/index"
1514860234126	Marionette	DEBUG	Received DOM event "pageshow" for "https://www.joinquant.com/user/login/index"
1514860258408	geckodriver	INFO	geckodriver 0.18.0
1514860258414	geckodriver	INFO	Listening on 127.0.0.1:50672
1514860259504	geckodriver::marionette	INFO	Starting browser /Applications/Firefox.app/Contents/MacOS/firefox-bin with args ["-marionette"]
1514860260135	Marionette	INFO	Enabled via --marionette
2018-01-02 10:31:01.067 plugin-container[1531:33815] *** CFMessagePort: bootstrap_register(): failed 1100 (0x44c) 'Permission denied', port = 0x7a3f, name = 'com.apple.tsm.portname'
See /usr/include/servers/bootstrap_defs.h for the error codes.
1514860261689	Marionette	INFO	Listening on port 50677
1514860261741	Marionette	WARN	TLS certificate errors will be ignored for this session
1514860261809	Marionette	DEBUG	Register listener.js for window 2147483649
1514860261832	Marionette	DEBUG	Received DOM event "beforeunload" for "about:blank"
1514860262331	Marionette	DEBUG	Received DOM event "pagehide" for "about:blank"
1514860262333	Marionette	DEBUG	Received DOM event "unload" for "about:blank"
JavaScript warning: https://cdn.joinquant.net/common/js/lib.min.js?v=2017122216070620171227195225, line 14: unreachable code after return statement
1514860263475	Marionette	DEBUG	Received DOM event "DOMContentLoaded" for "https://www.joinquant.com/user/login/index"
1514860263606	Marionette	DEBUG	Received DOM event "pageshow" for "https://www.joinquant.com/user/login/index"
1514860285108	geckodriver	INFO	geckodriver 0.18.0
1514860285115	geckodriver	INFO	Listening on 127.0.0.1:50740
1514860286167	geckodriver::marionette	INFO	Starting browser /Applications/Firefox.app/Contents/MacOS/firefox-bin with args ["-marionette"]
1514860286810	Marionette	INFO	Enabled via --marionette
2018-01-02 10:31:27.830 plugin-container[1547:34211] *** CFMessagePort: bootstrap_register(): failed 1100 (0x44c) 'Permission denied', port = 0x843f, name = 'com.apple.tsm.portname'
See /usr/include/servers/bootstrap_defs.h for the error codes.
1514860288472	Marionette	INFO	Listening on port 50745
1514860288533	Marionette	WARN	TLS certificate errors will be ignored for this session
1514860288599	Marionette	DEBUG	Register listener.js for window 2147483649
1514860288659	Marionette	DEBUG	Received DOM event "beforeunload" for "about:blank"
1514860289899	Marionette	DEBUG	Received DOM event "pagehide" for "about:blank"
1514860289899	Marionette	DEBUG	Received DOM event "unload" for "about:blank"
JavaScript warning: https://cdn.joinquant.net/common/js/lib.min.js?v=2017122216070620171227195225, line 14: unreachable code after return statement
1514860291292	Marionette	DEBUG	Received DOM event "DOMContentLoaded" for "https://www.joinquant.com/user/login/index"
1514860291425	Marionette	DEBUG	Received DOM event "pageshow" for "https://www.joinquant.com/user/login/index"
console.error: 
  Message: Error: Source map at https://cdn.joinquant.net/common/css/bootstrap-select.css.map not found or invalid
  Stack:
    _fetchSourceMap/map<@resource://devtools/shared/base-loader.js -> resource://devtools/server/actors/stylesheets.js:578:25
process@resource://gre/modules/Promise.jsm -> resource://gre/modules/Promise-backend.js:922:23
walkerLoop@resource://gre/modules/Promise.jsm -> resource://gre/modules/Promise-backend.js:806:7
scheduleWalkerLoop/<@resource://gre/modules/Promise.jsm -> resource://gre/modules/Promise-backend.js:742:11

_fetchSourceMap/map<@resource://devtools/shared/base-loader.js -> resource://devtools/server/actors/stylesheets.js:578:25
process@resource://gre/modules/Promise.jsm -> resource://gre/modules/Promise-backend.js:922:23
walkerLoop@resource://gre/modules/Promise.jsm -> resource://gre/modules/Promise-backend.js:806:7
scheduleWalkerLoop/<@resource://gre/modules/Promise.jsm -> resource://gre/modules/Promise-backend.js:742:11
console.error: 
  Protocol error (unknownError): Source map at https://cdn.joinquant.net/common/css/bootstrap-select.css.map not found or invalid
JavaScript warning: https://cdn.joinquant.net/common/js/lib.min.js?v=2017122216070620171227195225, line 14: unreachable code after return statement
console.error: 
  Message: Error: Failed to fetch https://cdn.joinquant.net/common/css/bootstrap-select.css.map. Code 2152398850.
  Stack:
    onResponse@resource://devtools/shared/base-loader.js -> resource://devtools/shared/DevToolsUtils.js:471:23
onStopRequest@resource://gre/modules/NetUtil.jsm:131:17

onResponse@resource://devtools/shared/base-loader.js -> resource://devtools/shared/DevToolsUtils.js:471:23
onStopRequest@resource://gre/modules/NetUtil.jsm:131:17
console.error: 
  Protocol error (unknownError): Failed to fetch https://cdn.joinquant.net/common/css/bootstrap-select.css.map. Code 2152398850.
JavaScript warning: https://cdn.joinquant.net/common/js/lib.min.js?v=2017122216070620171227195225, line 14: unreachable code after return statement
console.error: 
  Message: Error: Source map at https://cdn.joinquant.net/common/css/bootstrap-select.css.map not found or invalid
  Stack:
    _fetchSourceMap/map<@resource://devtools/shared/base-loader.js -> resource://devtools/server/actors/stylesheets.js:578:25
process@resource://gre/modules/Promise.jsm -> resource://gre/modules/Promise-backend.js:922:23
walkerLoop@resource://gre/modules/Promise.jsm -> resource://gre/modules/Promise-backend.js:806:7
scheduleWalkerLoop/<@resource://gre/modules/Promise.jsm -> resource://gre/modules/Promise-backend.js:742:11

_fetchSourceMap/map<@resource://devtools/shared/base-loader.js -> resource://devtools/server/actors/stylesheets.js:578:25
process@resource://gre/modules/Promise.jsm -> resource://gre/modules/Promise-backend.js:922:23
walkerLoop@resource://gre/modules/Promise.jsm -> resource://gre/modules/Promise-backend.js:806:7
scheduleWalkerLoop/<@resource://gre/modules/Promise.jsm -> resource://gre/modules/Promise-backend.js:742:11
console.error: 
  Protocol error (unknownError): Source map at https://cdn.joinquant.net/common/css/bootstrap-select.css.map not found or invalid
1514860404037	geckodriver	INFO	geckodriver 0.18.0
1514860404043	geckodriver	INFO	Listening on 127.0.0.1:50851
1514860405107	geckodriver::marionette	INFO	Starting browser /Applications/Firefox.app/Contents/MacOS/firefox-bin with args ["-marionette"]
1514860405719	Marionette	INFO	Enabled via --marionette
2018-01-02 10:33:26.692 plugin-container[1576:35460] *** CFMessagePort: bootstrap_register(): failed 1100 (0x44c) 'Permission denied', port = 0x8037, name = 'com.apple.tsm.portname'
See /usr/include/servers/bootstrap_defs.h for the error codes.
1514860407330	Marionette	INFO	Listening on port 50856
1514860407370	Marionette	WARN	TLS certificate errors will be ignored for this session
1514860407449	Marionette	DEBUG	Register listener.js for window 2147483649
1514860407486	Marionette	DEBUG	Received DOM event "beforeunload" for "about:blank"
1514860407981	Marionette	DEBUG	Received DOM event "pagehide" for "about:blank"
1514860407982	Marionette	DEBUG	Received DOM event "unload" for "about:blank"
JavaScript warning: https://cdn.joinquant.net/common/js/lib.min.js?v=2017122216070620171227195225, line 14: unreachable code after return statement
1514860409125	Marionette	DEBUG	Received DOM event "DOMContentLoaded" for "https://www.joinquant.com/user/login/index"
1514860409308	Marionette	DEBUG	Received DOM event "pageshow" for "https://www.joinquant.com/user/login/index"
1514860475599	geckodriver	INFO	geckodriver 0.18.0
1514860475605	geckodriver	INFO	Listening on 127.0.0.1:50929
1514860476659	geckodriver::marionette	INFO	Starting browser /Applications/Firefox.app/Contents/MacOS/firefox-bin with args ["-marionette"]
1514860477268	Marionette	INFO	Enabled via --marionette
2018-01-02 10:34:38.282 plugin-container[1610:36420] *** CFMessagePort: bootstrap_register(): failed 1100 (0x44c) 'Permission denied', port = 0x7b0b, name = 'com.apple.tsm.portname'
See /usr/include/servers/bootstrap_defs.h for the error codes.
1514860478894	Marionette	INFO	Listening on port 50934
1514860478995	Marionette	WARN	TLS certificate errors will be ignored for this session
1514860479063	Marionette	DEBUG	Register listener.js for window 2147483649
1514860479083	Marionette	DEBUG	Received DOM event "beforeunload" for "about:blank"
1514860479578	Marionette	DEBUG	Received DOM event "pagehide" for "about:blank"
1514860479579	Marionette	DEBUG	Received DOM event "unload" for "about:blank"
JavaScript warning: https://cdn.joinquant.net/common/js/lib.min.js?v=2017122216070620171227195225, line 14: unreachable code after return statement
1514860480717	Marionette	DEBUG	Received DOM event "DOMContentLoaded" for "https://www.joinquant.com/user/login/index"
1514860480934	Marionette	DEBUG	Received DOM event "pageshow" for "https://www.joinquant.com/user/login/index"
1514860536920	geckodriver	INFO	geckodriver 0.18.0
1514860536926	geckodriver	INFO	Listening on 127.0.0.1:51003
1514860537988	geckodriver::marionette	INFO	Starting browser /Applications/Firefox.app/Contents/MacOS/firefox-bin with args ["-marionette"]
1514860538638	Marionette	INFO	Enabled via --marionette
2018-01-02 10:35:39.829 plugin-container[1634:37101] *** CFMessagePort: bootstrap_register(): failed 1100 (0x44c) 'Permission denied', port = 0x8037, name = 'com.apple.tsm.portname'
See /usr/include/servers/bootstrap_defs.h for the error codes.
1514860540464	Marionette	INFO	Listening on port 51009
1514860540546	Marionette	WARN	TLS certificate errors will be ignored for this session
1514860540630	Marionette	DEBUG	Register listener.js for window 2147483649
1514860540666	Marionette	DEBUG	Received DOM event "beforeunload" for "about:blank"
1514860541676	Marionette	DEBUG	Received DOM event "pagehide" for "about:blank"
1514860541676	Marionette	DEBUG	Received DOM event "unload" for "about:blank"
JavaScript warning: https://cdn.joinquant.net/common/js/lib.min.js?v=2017122216070620171227195225, line 14: unreachable code after return statement
1514860543946	Marionette	DEBUG	Received DOM event "DOMContentLoaded" for "https://www.joinquant.com/user/login/index"
1514860544131	Marionette	DEBUG	Received DOM event "pageshow" for "https://www.joinquant.com/user/login/index"
JavaScript warning: https://cdn.joinquant.net/common/js/lib.min.js?v=2017122216070620171227195225, line 14: unreachable code after return statement
JavaScript warning: https://cdn.joinquant.net/common/js/lib.min.js?v=2017122216070620171227195225, line 14: unreachable code after return statement
1514860603067	geckodriver	INFO	geckodriver 0.18.0
1514860603072	geckodriver	INFO	Listening on 127.0.0.1:51140
1514860604138	geckodriver::marionette	INFO	Starting browser /Applications/Firefox.app/Contents/MacOS/firefox-bin with args ["-marionette"]
1514860604760	Marionette	INFO	Enabled via --marionette
2018-01-02 10:36:45.847 plugin-container[1654:37988] *** CFMessagePort: bootstrap_register(): failed 1100 (0x44c) 'Permission denied', port = 0x843f, name = 'com.apple.tsm.portname'
See /usr/include/servers/bootstrap_defs.h for the error codes.
1514860606501	Marionette	INFO	Listening on port 51145
1514860606593	Marionette	WARN	TLS certificate errors will be ignored for this session
1514860606671	Marionette	DEBUG	Register listener.js for window 2147483649
1514860606695	Marionette	DEBUG	Received DOM event "beforeunload" for "about:blank"
1514860607642	Marionette	DEBUG	Received DOM event "pagehide" for "about:blank"
1514860607643	Marionette	DEBUG	Received DOM event "unload" for "about:blank"
JavaScript warning: https://cdn.joinquant.net/common/js/lib.min.js?v=2017122216070620171227195225, line 14: unreachable code after return statement
1514860609007	Marionette	DEBUG	Received DOM event "DOMContentLoaded" for "https://www.joinquant.com/user/login/index"
1514860609192	Marionette	DEBUG	Received DOM event "pageshow" for "https://www.joinquant.com/user/login/index"
JavaScript warning: https://cdn.joinquant.net/common/js/lib.min.js?v=2017122216070620171227195225, line 14: unreachable code after return statement
*** UTM:SVC TimerManager:registerTimer called after profile-before-change notification. Ignoring timer registration for id: telemetry_modules_ping
1514860646045	geckodriver	INFO	geckodriver 0.18.0
1514860646049	geckodriver	INFO	Listening on 127.0.0.1:51243
1514860647121	geckodriver::marionette	INFO	Starting browser /Applications/Firefox.app/Contents/MacOS/firefox-bin with args ["-marionette"]
1514860647732	Marionette	INFO	Enabled via --marionette
2018-01-02 10:37:28.728 plugin-container[1672:38679] *** CFMessagePort: bootstrap_register(): failed 1100 (0x44c) 'Permission denied', port = 0x873f, name = 'com.apple.tsm.portname'
See /usr/include/servers/bootstrap_defs.h for the error codes.
1514860649358	Marionette	INFO	Listening on port 51248
1514860649465	Marionette	WARN	TLS certificate errors will be ignored for this session
1514860649545	Marionette	DEBUG	Register listener.js for window 2147483649
1514860649603	Marionette	DEBUG	Received DOM event "beforeunload" for "about:blank"
1514860650515	Marionette	DEBUG	Received DOM event "pagehide" for "about:blank"
1514860650515	Marionette	DEBUG	Received DOM event "unload" for "about:blank"
JavaScript warning: https://cdn.joinquant.net/common/js/lib.min.js?v=2017122216070620171227195225, line 14: unreachable code after return statement
1514860651951	Marionette	DEBUG	Received DOM event "DOMContentLoaded" for "https://www.joinquant.com/user/login/index"
1514860652516	Marionette	DEBUG	Received DOM event "pageshow" for "https://www.joinquant.com/user/login/index"
JavaScript warning: https://cdn.joinquant.net/common/js/lib.min.js?v=2017122216070620171227195225, line 14: unreachable code after return statement
JavaScript warning: https://cdn.joinquant.net/common/js/lib.min.js?v=2017122216070620171227195225, line 14: unreachable code after return statement
*** UTM:SVC TimerManager:registerTimer called after profile-before-change notification. Ignoring timer registration for id: telemetry_modules_ping
1514860689102	geckodriver	INFO	geckodriver 0.18.0
1514860689107	geckodriver	INFO	Listening on 127.0.0.1:51384
1514860690170	geckodriver::marionette	INFO	Starting browser /Applications/Firefox.app/Contents/MacOS/firefox-bin with args ["-marionette"]
1514860690742	Marionette	INFO	Enabled via --marionette
2018-01-02 10:38:11.744 plugin-container[1690:39304] *** CFMessagePort: bootstrap_register(): failed 1100 (0x44c) 'Permission denied', port = 0x7743, name = 'com.apple.tsm.portname'
See /usr/include/servers/bootstrap_defs.h for the error codes.
1514860692391	Marionette	INFO	Listening on port 51389
1514860692493	Marionette	WARN	TLS certificate errors will be ignored for this session
1514860692583	Marionette	DEBUG	Register listener.js for window 2147483649
1514860692624	Marionette	DEBUG	Received DOM event "beforeunload" for "about:blank"
1514860693599	Marionette	DEBUG	Received DOM event "pagehide" for "about:blank"
1514860693599	Marionette	DEBUG	Received DOM event "unload" for "about:blank"
JavaScript warning: https://cdn.joinquant.net/common/js/lib.min.js?v=2017122216070620171227195225, line 14: unreachable code after return statement
1514860695866	Marionette	DEBUG	Received DOM event "DOMContentLoaded" for "https://www.joinquant.com/user/login/index"
1514860695967	Marionette	DEBUG	Received DOM event "pageshow" for "https://www.joinquant.com/user/login/index"
1514860696262	Marionette	DEBUG	Received DOM event "beforeunload" for "https://www.joinquant.com/user/login/index"
1514860696351	Marionette	DEBUG	Received DOM event "pagehide" for "https://www.joinquant.com/user/login/index"
1514860696351	Marionette	DEBUG	Received DOM event "unload" for "https://www.joinquant.com/user/login/index"
JavaScript warning: https://cdn.joinquant.net/common/js/lib.min.js?v=2017122216070620171227195225, line 14: unreachable code after return statement
1514860696794	Marionette	DEBUG	Received DOM event "DOMContentLoaded" for "https://www.joinquant.com/community"
1514860696919	Marionette	DEBUG	Received DOM event "pageshow" for "https://www.joinquant.com/community"
console.error: 
  Message: Error: Source map at https://cdn.joinquant.net/common/css/bootstrap-select.css.map not found or invalid
  Stack:
    _fetchSourceMap/map<@resource://devtools/shared/base-loader.js -> resource://devtools/server/actors/stylesheets.js:578:25
process@resource://gre/modules/Promise.jsm -> resource://gre/modules/Promise-backend.js:922:23
walkerLoop@resource://gre/modules/Promise.jsm -> resource://gre/modules/Promise-backend.js:806:7
scheduleWalkerLoop/<@resource://gre/modules/Promise.jsm -> resource://gre/modules/Promise-backend.js:742:11

_fetchSourceMap/map<@resource://devtools/shared/base-loader.js -> resource://devtools/server/actors/stylesheets.js:578:25
process@resource://gre/modules/Promise.jsm -> resource://gre/modules/Promise-backend.js:922:23
walkerLoop@resource://gre/modules/Promise.jsm -> resource://gre/modules/Promise-backend.js:806:7
scheduleWalkerLoop/<@resource://gre/modules/Promise.jsm -> resource://gre/modules/Promise-backend.js:742:11
console.error: 
  Protocol error (unknownError): Source map at https://cdn.joinquant.net/common/css/bootstrap-select.css.map not found or invalid
JavaScript warning: https://cdn.joinquant.net/common/js/lib.min.js?v=2017122216070620171227195225, line 14: unreachable code after return statement
JavaScript warning: https://cdn.joinquant.net/common/js/lib.min.js?v=2017122216070620171227195225, line 14: unreachable code after return statement
console.error: 
  Message: Error: Source map at https://cdn.joinquant.net/common/css/bootstrap-select.css.map not found or invalid
  Stack:
    _fetchSourceMap/map<@resource://devtools/shared/base-loader.js -> resource://devtools/server/actors/stylesheets.js:578:25
process@resource://gre/modules/Promise.jsm -> resource://gre/modules/Promise-backend.js:922:23
walkerLoop@resource://gre/modules/Promise.jsm -> resource://gre/modules/Promise-backend.js:806:7
scheduleWalkerLoop/<@resource://gre/modules/Promise.jsm -> resource://gre/modules/Promise-backend.js:742:11

_fetchSourceMap/map<@resource://devtools/shared/base-loader.js -> resource://devtools/server/actors/stylesheets.js:578:25
process@resource://gre/modules/Promise.jsm -> resource://gre/modules/Promise-backend.js:922:23
walkerLoop@resource://gre/modules/Promise.jsm -> resource://gre/modules/Promise-backend.js:806:7
scheduleWalkerLoop/<@resource://gre/modules/Promise.jsm -> resource://gre/modules/Promise-backend.js:742:11
console.error: 
  Protocol error (unknownError): Source map at https://cdn.joinquant.net/common/css/bootstrap-select.css.map not found or invalid
JavaScript error: resource://devtools/shared/base-loader.js -> resource://devtools/server/actors/inspector.js, line 1030: TypeError: this._refMap is null
JavaScript error: https://static.joinquant.com/research/jupyter/components/requirejs/require.js?v=2de44fdcc1fe5e939aa4ce80626b241d, line 165: Error: Module name "notebook/js/cell" has not been loaded yet for context: _. Use require([])
http://requirejs.org/docs/errors.html#notloaded
JavaScript warning: https://cdn.joinquant.net/common/js/lib.min.js?v=2017122216070620171227195225, line 14: unreachable code after return statement
1514860776030	geckodriver	INFO	geckodriver 0.18.0
1514860776037	geckodriver	INFO	Listening on 127.0.0.1:51536
1514860777117	geckodriver::marionette	INFO	Starting browser /Applications/Firefox.app/Contents/MacOS/firefox-bin with args ["-marionette"]
1514860777738	Marionette	INFO	Enabled via --marionette
2018-01-02 10:39:38.699 plugin-container[1718:40211] *** CFMessagePort: bootstrap_register(): failed 1100 (0x44c) 'Permission denied', port = 0x7e3f, name = 'com.apple.tsm.portname'
See /usr/include/servers/bootstrap_defs.h for the error codes.
1514860779377	Marionette	INFO	Listening on port 51541
1514860779456	Marionette	WARN	TLS certificate errors will be ignored for this session
1514860779518	Marionette	DEBUG	Register listener.js for window 2147483649
1514860779555	Marionette	DEBUG	Received DOM event "beforeunload" for "about:blank"
1514860780548	Marionette	DEBUG	Received DOM event "pagehide" for "about:blank"
1514860780550	Marionette	DEBUG	Received DOM event "unload" for "about:blank"
JavaScript warning: https://cdn.joinquant.net/common/js/lib.min.js?v=2017122216070620171227195225, line 14: unreachable code after return statement
1514860782042	Marionette	DEBUG	Received DOM event "DOMContentLoaded" for "https://www.joinquant.com/user/login/index"
1514860782132	Marionette	DEBUG	Received DOM event "pageshow" for "https://www.joinquant.com/user/login/index"
1514860782459	Marionette	DEBUG	Received DOM event "beforeunload" for "https://www.joinquant.com/user/login/index"
1514860782515	Marionette	DEBUG	Received DOM event "pagehide" for "https://www.joinquant.com/user/login/index"
1514860782516	Marionette	DEBUG	Received DOM event "unload" for "https://www.joinquant.com/user/login/index"
JavaScript warning: https://cdn.joinquant.net/common/js/lib.min.js?v=2017122216070620171227195225, line 14: unreachable code after return statement
1514860782978	Marionette	DEBUG	Received DOM event "DOMContentLoaded" for "https://www.joinquant.com/community"
1514860786900	Marionette	DEBUG	Received DOM event "pageshow" for "https://www.joinquant.com/community"
1514860786985	Marionette	DEBUG	Received DOM event "beforeunload" for "https://www.joinquant.com/community"
1514860787038	Marionette	DEBUG	Received DOM event "pagehide" for "https://www.joinquant.com/community"
1514860787039	Marionette	DEBUG	Received DOM event "unload" for "https://www.joinquant.com/community"
JavaScript warning: https://cdn.joinquant.net/common/js/lib.min.js?v=2017122216070620171227195225, line 14: unreachable code after return statement
1514860787577	Marionette	DEBUG	Received DOM event "DOMContentLoaded" for "https://www.joinquant.com/research?target=research&url=/user/71400787116/notebooks/Untitled.ipynb"
1514860788369	Marionette	DEBUG	Received DOM event "pageshow" for "https://www.joinquant.com/research?target=research&url=/user/71400787116/notebooks/Untitled.ipynb"
JavaScript error: https://static.joinquant.com/research/jupyter/components/requirejs/require.js?v=2de44fdcc1fe5e939aa4ce80626b241d, line 165: Error: Module name "notebook/js/cell" has not been loaded yet for context: _. Use require([])
http://requirejs.org/docs/errors.html#notloaded
JavaScript warning: https://cdn.joinquant.net/common/js/lib.min.js?v=2017122216070620171227195225, line 14: unreachable code after return statement
JavaScript warning: https://cdn.joinquant.net/common/js/lib.min.js?v=2017122216070620171227195225, line 14: unreachable code after return statement
JavaScript error: https://static.joinquant.com/research/jupyter/components/requirejs/require.js?v=2de44fdcc1fe5e939aa4ce80626b241d, line 165: Error: Module name "notebook/js/cell" has not been loaded yet for context: _. Use require([])
http://requirejs.org/docs/errors.html#notloaded
console.error: 
  Message: Error: Source map at https://cdn.joinquant.net/common/css/bootstrap-select.css.map not found or invalid
  Stack:
    _fetchSourceMap/map<@resource://devtools/shared/base-loader.js -> resource://devtools/server/actors/stylesheets.js:578:25
process@resource://gre/modules/Promise.jsm -> resource://gre/modules/Promise-backend.js:922:23
walkerLoop@resource://gre/modules/Promise.jsm -> resource://gre/modules/Promise-backend.js:806:7
scheduleWalkerLoop/<@resource://gre/modules/Promise.jsm -> resource://gre/modules/Promise-backend.js:742:11

_fetchSourceMap/map<@resource://devtools/shared/base-loader.js -> resource://devtools/server/actors/stylesheets.js:578:25
process@resource://gre/modules/Promise.jsm -> resource://gre/modules/Promise-backend.js:922:23
walkerLoop@resource://gre/modules/Promise.jsm -> resource://gre/modules/Promise-backend.js:806:7
scheduleWalkerLoop/<@resource://gre/modules/Promise.jsm -> resource://gre/modules/Promise-backend.js:742:11
console.error: 
  Protocol error (unknownError): Source map at https://cdn.joinquant.net/common/css/bootstrap-select.css.map not found or invalid
1514861055137	geckodriver	INFO	geckodriver 0.18.0
1514861055148	geckodriver	INFO	Listening on 127.0.0.1:51718
IPDL protocol error: Handler returned error code!

###!!! [Parent][DispatchAsyncMessage] Error: PLayerTransaction::Msg_ReleaseLayer Processing error: message was deserialized, but the handler returned false (indicating failure)

IPDL protocol error: Handler returned error code!

###!!! [Parent][DispatchAsyncMessage] Error: PLayerTransaction::Msg_ReleaseLayer Processing error: message was deserialized, but the handler returned false (indicating failure)

IPDL protocol error: Handler returned error code!

###!!! [Parent][DispatchAsyncMessage] Error: PLayerTransaction::Msg_ReleaseLayer Processing error: message was deserialized, but the handler returned false (indicating failure)

IPDL protocol error: Handler returned error code!

###!!! [Parent][DispatchAsyncMessage] Error: PLayerTransaction::Msg_ReleaseLayer Processing error: message was deserialized, but the handler returned false (indicating failure)

IPDL protocol error: Handler returned error code!

###!!! [Parent][DispatchAsyncMessage] Error: PLayerTransaction::Msg_ReleaseLayer Processing error: message was deserialized, but the handler returned false (indicating failure)

IPDL protocol error: Handler returned error code!

###!!! [Parent][DispatchAsyncMessage] Error: PLayerTransaction::Msg_ReleaseLayer Processing error: message was deserialized, but the handler returned false (indicating failure)

IPDL protocol error: Handler returned error code!

###!!! [Parent][DispatchAsyncMessage] Error: PLayerTransaction::Msg_ReleaseLayer Processing error: message was deserialized, but the handler returned false (indicating failure)

1514861056209	geckodriver::marionette	INFO	Starting browser /Applications/Firefox.app/Contents/MacOS/firefox-bin with args ["-marionette"]
1514861056801	Marionette	INFO	Enabled via --marionette
2018-01-02 10:44:18.444 plugin-container[1776:42813] *** CFMessagePort: bootstrap_register(): failed 1100 (0x44c) 'Permission denied', port = 0x7b0b, name = 'com.apple.tsm.portname'
See /usr/include/servers/bootstrap_defs.h for the error codes.
1514861058976	Marionette	INFO	Listening on port 51723
1514861059081	Marionette	WARN	TLS certificate errors will be ignored for this session
1514861059161	Marionette	DEBUG	Register listener.js for window 2147483649
1514861059193	Marionette	DEBUG	Received DOM event "beforeunload" for "about:blank"
1514861059708	Marionette	DEBUG	Received DOM event "pagehide" for "about:blank"
1514861059709	Marionette	DEBUG	Received DOM event "unload" for "about:blank"
JavaScript warning: https://cdn.joinquant.net/common/js/lib.min.js?v=2017122216070620171227195225, line 14: unreachable code after return statement
1514861061193	Marionette	DEBUG	Received DOM event "DOMContentLoaded" for "https://www.joinquant.com/user/login/index"
1514861061654	Marionette	DEBUG	Received DOM event "pageshow" for "https://www.joinquant.com/user/login/index"
1514861061943	Marionette	DEBUG	Received DOM event "beforeunload" for "https://www.joinquant.com/user/login/index"
1514861062006	Marionette	DEBUG	Received DOM event "pagehide" for "https://www.joinquant.com/user/login/index"
1514861062006	Marionette	DEBUG	Received DOM event "unload" for "https://www.joinquant.com/user/login/index"
JavaScript warning: https://cdn.joinquant.net/common/js/lib.min.js?v=2017122216070620171227195225, line 14: unreachable code after return statement
1514861062455	Marionette	DEBUG	Received DOM event "DOMContentLoaded" for "https://www.joinquant.com/community"
1514861062625	Marionette	DEBUG	Received DOM event "pageshow" for "https://www.joinquant.com/community"
1514861064415	Marionette	DEBUG	Received DOM event "beforeunload" for "https://www.joinquant.com/community"
1514861064571	Marionette	DEBUG	Received DOM event "pagehide" for "https://www.joinquant.com/community"
1514861064571	Marionette	DEBUG	Received DOM event "unload" for "https://www.joinquant.com/community"
JavaScript warning: https://cdn.joinquant.net/common/js/lib.min.js?v=2017122216070620171227195225, line 14: unreachable code after return statement
1514861064847	Marionette	DEBUG	Received DOM event "DOMContentLoaded" for "https://www.joinquant.com/research"
JavaScript warning: https://cdn.joinquant.net/common/js/lib.min.js?v=2017122216070620171227195225, line 14: unreachable code after return statement
1514861064956	Marionette	DEBUG	Received DOM event "pageshow" for "https://www.joinquant.com/research"
JavaScript error: https://static.joinquant.com/research/jupyter/components/requirejs/require.js?v=2de44fdcc1fe5e939aa4ce80626b241d, line 165: Error: Module name "notebook/js/cell" has not been loaded yet for context: _. Use require([])
http://requirejs.org/docs/errors.html#notloaded

###!!! [Child][RunMessage] Error: Channel closing: too late to send/recv, messages will be lost


###!!! [Child][RunMessage] Error: Channel closing: too late to send/recv, messages will be lost

*** UTM:SVC TimerManager:registerTimer called after profile-before-change notification. Ignoring timer registration for id: telemetry_modules_ping
1514861117101	geckodriver	INFO	geckodriver 0.18.0
1514861117106	geckodriver	INFO	Listening on 127.0.0.1:51841
1514861118170	geckodriver::marionette	INFO	Starting browser /Applications/Firefox.app/Contents/MacOS/firefox-bin with args ["-marionette"]
1514861118789	Marionette	INFO	Enabled via --marionette
2018-01-02 10:45:19.767 plugin-container[1803:43651] *** CFMessagePort: bootstrap_register(): failed 1100 (0x44c) 'Permission denied', port = 0x863f, name = 'com.apple.tsm.portname'
See /usr/include/servers/bootstrap_defs.h for the error codes.
1514861120407	Marionette	INFO	Listening on port 51846
1514861120498	Marionette	WARN	TLS certificate errors will be ignored for this session
1514861120562	Marionette	DEBUG	Register listener.js for window 2147483649
1514861120589	Marionette	DEBUG	Received DOM event "beforeunload" for "about:blank"
1514861122728	Marionette	DEBUG	Received DOM event "pagehide" for "about:blank"
1514861122729	Marionette	DEBUG	Received DOM event "unload" for "about:blank"
JavaScript warning: https://cdn.joinquant.net/common/js/lib.min.js?v=2017122216070620171227195225, line 14: unreachable code after return statement
1514861123887	Marionette	DEBUG	Received DOM event "DOMContentLoaded" for "https://www.joinquant.com/user/login/index"
1514861123961	Marionette	DEBUG	Received DOM event "pageshow" for "https://www.joinquant.com/user/login/index"
1514861124273	Marionette	DEBUG	Received DOM event "beforeunload" for "https://www.joinquant.com/user/login/index"
1514861124336	Marionette	DEBUG	Received DOM event "pagehide" for "https://www.joinquant.com/user/login/index"
1514861124337	Marionette	DEBUG	Received DOM event "unload" for "https://www.joinquant.com/user/login/index"
JavaScript warning: https://cdn.joinquant.net/common/js/lib.min.js?v=2017122216070620171227195225, line 14: unreachable code after return statement
1514861124736	Marionette	DEBUG	Received DOM event "DOMContentLoaded" for "https://www.joinquant.com/community"
1514861124797	Marionette	DEBUG	Received DOM event "pageshow" for "https://www.joinquant.com/community"
1514861124892	Marionette	DEBUG	Received DOM event "beforeunload" for "https://www.joinquant.com/community"
1514861124995	Marionette	DEBUG	Received DOM event "pagehide" for "https://www.joinquant.com/community"
1514861124996	Marionette	DEBUG	Received DOM event "unload" for "https://www.joinquant.com/community"
JavaScript warning: https://cdn.joinquant.net/common/js/lib.min.js?v=2017122216070620171227195225, line 14: unreachable code after return statement
1514861125266	Marionette	DEBUG	Received DOM event "DOMContentLoaded" for "https://www.joinquant.com/research"
JavaScript warning: https://cdn.joinquant.net/common/js/lib.min.js?v=2017122216070620171227195225, line 14: unreachable code after return statement
1514861125376	Marionette	DEBUG	Received DOM event "pageshow" for "https://www.joinquant.com/research"
JavaScript error: https://static.joinquant.com/research/jupyter/components/requirejs/require.js?v=2de44fdcc1fe5e939aa4ce80626b241d, line 165: Error: Module name "notebook/js/cell" has not been loaded yet for context: _. Use require([])
http://requirejs.org/docs/errors.html#notloaded
console.error: 
  Message: Error: Source map at https://cdn.joinquant.net/common/css/bootstrap-select.css.map not found or invalid
  Stack:
    _fetchSourceMap/map<@resource://devtools/shared/base-loader.js -> resource://devtools/server/actors/stylesheets.js:578:25
process@resource://gre/modules/Promise.jsm -> resource://gre/modules/Promise-backend.js:922:23
walkerLoop@resource://gre/modules/Promise.jsm -> resource://gre/modules/Promise-backend.js:806:7
scheduleWalkerLoop/<@resource://gre/modules/Promise.jsm -> resource://gre/modules/Promise-backend.js:742:11

_fetchSourceMap/map<@resource://devtools/shared/base-loader.js -> resource://devtools/server/actors/stylesheets.js:578:25
process@resource://gre/modules/Promise.jsm -> resource://gre/modules/Promise-backend.js:922:23
walkerLoop@resource://gre/modules/Promise.jsm -> resource://gre/modules/Promise-backend.js:806:7
scheduleWalkerLoop/<@resource://gre/modules/Promise.jsm -> resource://gre/modules/Promise-backend.js:742:11
console.error: 
  Protocol error (unknownError): Source map at https://cdn.joinquant.net/common/css/bootstrap-select.css.map not found or invalid
JavaScript warning: https://cdn.joinquant.net/common/js/lib.min.js?v=2017122216070620171227195225, line 14: unreachable code after return statement
JavaScript warning: https://cdn.joinquant.net/common/js/lib.min.js?v=2017122216070620171227195225, line 14: unreachable code after return statement
JavaScript warning: https://cdn.joinquant.net/common/js/lib.min.js?v=2017122216070620171227195225, line 14: unreachable code after return statement
JavaScript warning: https://cdn.joinquant.net/common/js/lib.min.js?v=2017122216070620171227195225, line 14: unreachable code after return statement
console.error: 
  Message: Error: Source map at https://cdn.joinquant.net/common/css/bootstrap-select.css.map not found or invalid
  Stack:
    _fetchSourceMap/map<@resource://devtools/shared/base-loader.js -> resource://devtools/server/actors/stylesheets.js:578:25
process@resource://gre/modules/Promise.jsm -> resource://gre/modules/Promise-backend.js:922:23
walkerLoop@resource://gre/modules/Promise.jsm -> resource://gre/modules/Promise-backend.js:806:7
scheduleWalkerLoop/<@resource://gre/modules/Promise.jsm -> resource://gre/modules/Promise-backend.js:742:11

_fetchSourceMap/map<@resource://devtools/shared/base-loader.js -> resource://devtools/server/actors/stylesheets.js:578:25
process@resource://gre/modules/Promise.jsm -> resource://gre/modules/Promise-backend.js:922:23
walkerLoop@resource://gre/modules/Promise.jsm -> resource://gre/modules/Promise-backend.js:806:7
scheduleWalkerLoop/<@resource://gre/modules/Promise.jsm -> resource://gre/modules/Promise-backend.js:742:11
console.error: 
  Protocol error (unknownError): Source map at https://cdn.joinquant.net/common/css/bootstrap-select.css.map not found or invalid
JavaScript error: https://static.joinquant.com/research/jupyter/components/requirejs/require.js?v=2de44fdcc1fe5e939aa4ce80626b241d, line 165: Error: Module name "notebook/js/cell" has not been loaded yet for context: _. Use require([])
http://requirejs.org/docs/errors.html#notloaded
JavaScript warning: https://cdn.joinquant.net/common/js/lib.min.js?v=2017122216070620171227195225, line 14: unreachable code after return statement
JavaScript warning: https://cdn.joinquant.net/common/js/lib.min.js?v=2017122216070620171227195225, line 14: unreachable code after return statement
1514861230822	geckodriver	INFO	geckodriver 0.18.0
1514861230827	geckodriver	INFO	Listening on 127.0.0.1:51986
1514861231895	geckodriver::marionette	INFO	Starting browser /Applications/Firefox.app/Contents/MacOS/firefox-bin with args ["-marionette"]
1514861232528	Marionette	INFO	Enabled via --marionette
2018-01-02 10:47:13.540 plugin-container[1833:44800] *** CFMessagePort: bootstrap_register(): failed 1100 (0x44c) 'Permission denied', port = 0x793f, name = 'com.apple.tsm.portname'
See /usr/include/servers/bootstrap_defs.h for the error codes.
1514861234189	Marionette	INFO	Listening on port 51991
1514861234237	Marionette	WARN	TLS certificate errors will be ignored for this session
1514861234317	Marionette	DEBUG	Register listener.js for window 2147483649
1514861234341	Marionette	DEBUG	Received DOM event "beforeunload" for "about:blank"
1514861234864	Marionette	DEBUG	Received DOM event "pagehide" for "about:blank"
1514861234864	Marionette	DEBUG	Received DOM event "unload" for "about:blank"
JavaScript warning: https://cdn.joinquant.net/common/js/lib.min.js?v=2017122216070620171227195225, line 14: unreachable code after return statement
1514861235846	Marionette	DEBUG	Received DOM event "DOMContentLoaded" for "https://www.joinquant.com/user/login/index"
1514861235873	Marionette	DEBUG	Received DOM event "pageshow" for "https://www.joinquant.com/user/login/index"
1514861236186	Marionette	DEBUG	Received DOM event "beforeunload" for "https://www.joinquant.com/user/login/index"
1514861236242	Marionette	DEBUG	Received DOM event "pagehide" for "https://www.joinquant.com/user/login/index"
1514861236242	Marionette	DEBUG	Received DOM event "unload" for "https://www.joinquant.com/user/login/index"
JavaScript warning: https://cdn.joinquant.net/common/js/lib.min.js?v=2017122216070620171227195225, line 14: unreachable code after return statement
1514861236645	Marionette	DEBUG	Received DOM event "DOMContentLoaded" for "https://www.joinquant.com/community"
1514861240536	Marionette	DEBUG	Received DOM event "pageshow" for "https://www.joinquant.com/community"
1514861240621	Marionette	DEBUG	Received DOM event "beforeunload" for "https://www.joinquant.com/community"
1514861240669	Marionette	DEBUG	Received DOM event "pagehide" for "https://www.joinquant.com/community"
1514861240670	Marionette	DEBUG	Received DOM event "unload" for "https://www.joinquant.com/community"
JavaScript warning: https://cdn.joinquant.net/common/js/lib.min.js?v=2017122216070620171227195225, line 14: unreachable code after return statement
1514861241052	Marionette	DEBUG	Received DOM event "DOMContentLoaded" for "https://www.joinquant.com/research?target=research&url=/user/71400787116/notebooks/Untitled.ipynb"
JavaScript error: https://static.joinquant.com/research/jupyter/components/requirejs/require.js?v=2de44fdcc1fe5e939aa4ce80626b241d, line 165: Error: Module name "notebook/js/cell" has not been loaded yet for context: _. Use require([])
http://requirejs.org/docs/errors.html#notloaded
1514861242556	Marionette	DEBUG	Received DOM event "pageshow" for "https://www.joinquant.com/research?target=research&url=/user/71400787116/notebooks/Untitled.ipynb"
JavaScript warning: https://cdn.joinquant.net/common/js/lib.min.js?v=2017122216070620171227195225, line 14: unreachable code after return statement
1514861426420	geckodriver	INFO	geckodriver 0.18.0
1514861426426	geckodriver	INFO	Listening on 127.0.0.1:52128
1514861427498	geckodriver::marionette	INFO	Starting browser /Applications/Firefox.app/Contents/MacOS/firefox-bin with args ["-marionette"]
1514861428136	Marionette	INFO	Enabled via --marionette
2018-01-02 10:50:29.282 plugin-container[1889:46806] *** CFMessagePort: bootstrap_register(): failed 1100 (0x44c) 'Permission denied', port = 0x8247, name = 'com.apple.tsm.portname'
See /usr/include/servers/bootstrap_defs.h for the error codes.
1514861430009	Marionette	INFO	Listening on port 52133
1514861430104	Marionette	WARN	TLS certificate errors will be ignored for this session
1514861430219	Marionette	DEBUG	Register listener.js for window 2147483649
1514861430285	Marionette	DEBUG	Received DOM event "beforeunload" for "about:blank"
1514861430972	Marionette	DEBUG	Received DOM event "pagehide" for "about:blank"
1514861430973	Marionette	DEBUG	Received DOM event "unload" for "about:blank"
JavaScript warning: https://cdn.joinquant.net/common/js/lib.min.js?v=2017122216070620171227195225, line 14: unreachable code after return statement
1514861432346	Marionette	DEBUG	Received DOM event "DOMContentLoaded" for "https://www.joinquant.com/user/login/index"
1514861432447	Marionette	DEBUG	Received DOM event "pageshow" for "https://www.joinquant.com/user/login/index"
1514861432756	Marionette	DEBUG	Received DOM event "beforeunload" for "https://www.joinquant.com/user/login/index"
1514861432826	Marionette	DEBUG	Received DOM event "pagehide" for "https://www.joinquant.com/user/login/index"
1514861432826	Marionette	DEBUG	Received DOM event "unload" for "https://www.joinquant.com/user/login/index"
JavaScript warning: https://cdn.joinquant.net/common/js/lib.min.js?v=2017122216070620171227195225, line 14: unreachable code after return statement
1514861433402	Marionette	DEBUG	Received DOM event "DOMContentLoaded" for "https://www.joinquant.com/community"
1514861433571	Marionette	DEBUG	Received DOM event "pageshow" for "https://www.joinquant.com/community"
1514861433641	Marionette	DEBUG	Received DOM event "beforeunload" for "https://www.joinquant.com/community"
1514861433709	Marionette	DEBUG	Received DOM event "pagehide" for "https://www.joinquant.com/community"
1514861433710	Marionette	DEBUG	Received DOM event "unload" for "https://www.joinquant.com/community"
JavaScript warning: https://cdn.joinquant.net/common/js/lib.min.js?v=2017122216070620171227195225, line 14: unreachable code after return statement
1514861434094	Marionette	DEBUG	Received DOM event "DOMContentLoaded" for "https://www.joinquant.com/research?target=research&url=/user/71400787116/notebooks/Untitled.ipynb"
1514861434906	Marionette	DEBUG	Received DOM event "pageshow" for "https://www.joinquant.com/research?target=research&url=/user/71400787116/notebooks/Untitled.ipynb"
JavaScript error: https://static.joinquant.com/research/jupyter/components/requirejs/require.js?v=2de44fdcc1fe5e939aa4ce80626b241d, line 165: Error: Module name "notebook/js/cell" has not been loaded yet for context: _. Use require([])
http://requirejs.org/docs/errors.html#notloaded
1514861439985	Marionette	DEBUG	Received DOM event "beforeunload" for "https://www.joinquant.com/research?target=research&url=/user/71400787116/notebooks/Untitled.ipynb"
1514861440037	Marionette	DEBUG	Received DOM event "pagehide" for "https://www.joinquant.com/research?target=research&url=/user/71400787116/notebooks/Untitled.ipynb"
1514861440039	Marionette	DEBUG	Received DOM event "unload" for "https://www.joinquant.com/research?target=research&url=/user/71400787116/notebooks/Untitled.ipynb"
JavaScript warning: https://cdn.joinquant.net/common/js/lib.min.js?v=2017122216070620171227195225, line 14: unreachable code after return statement
1514861440323	Marionette	DEBUG	Received observer notification "outer-window-destroyed" for "2147483655"
1514861440428	Marionette	DEBUG	Received DOM event "DOMContentLoaded" for "https://www.joinquant.com/research?target=research&url=/user/71400787116/notebooks/Untitled.ipynb"
1514861441838	Marionette	DEBUG	Received DOM event "pageshow" for "https://www.joinquant.com/research?target=research&url=/user/71400787116/notebooks/Untitled.ipynb"

###!!! [Child][RunMessage] Error: Channel closing: too late to send/recv, messages will be lost


###!!! [Child][RunMessage] Error: Channel closing: too late to send/recv, messages will be lost


###!!! [Child][RunMessage] Error: Channel closing: too late to send/recv, messages will be lost

1514861697166	geckodriver	INFO	geckodriver 0.18.0
1514861697172	geckodriver	INFO	Listening on 127.0.0.1:52370
1514861698244	geckodriver::marionette	INFO	Starting browser /Applications/Firefox.app/Contents/MacOS/firefox-bin with args ["-marionette"]
1514861698886	Marionette	INFO	Enabled via --marionette
2018-01-02 10:55:00.041 plugin-container[1934:49508] *** CFMessagePort: bootstrap_register(): failed 1100 (0x44c) 'Permission denied', port = 0x8d47, name = 'com.apple.tsm.portname'
See /usr/include/servers/bootstrap_defs.h for the error codes.
1514861700715	Marionette	INFO	Listening on port 52375
1514861700818	Marionette	WARN	TLS certificate errors will be ignored for this session
1514861700888	Marionette	DEBUG	Register listener.js for window 2147483649
1514861700918	Marionette	DEBUG	Received DOM event "beforeunload" for "about:blank"
1514861701880	Marionette	DEBUG	Received DOM event "pagehide" for "about:blank"
1514861701881	Marionette	DEBUG	Received DOM event "unload" for "about:blank"
JavaScript warning: https://cdn.joinquant.net/common/js/lib.min.js?v=2017122216070620171227195225, line 14: unreachable code after return statement
1514861704478	Marionette	DEBUG	Received DOM event "DOMContentLoaded" for "https://www.joinquant.com/user/login/index"
1514861704782	Marionette	DEBUG	Received DOM event "pageshow" for "https://www.joinquant.com/user/login/index"
1514861705085	Marionette	DEBUG	Received DOM event "beforeunload" for "https://www.joinquant.com/user/login/index"
1514861705146	Marionette	DEBUG	Received DOM event "pagehide" for "https://www.joinquant.com/user/login/index"
1514861705146	Marionette	DEBUG	Received DOM event "unload" for "https://www.joinquant.com/user/login/index"
JavaScript warning: https://cdn.joinquant.net/common/js/lib.min.js?v=2017122216070620171227195225, line 14: unreachable code after return statement
1514861705557	Marionette	DEBUG	Received DOM event "DOMContentLoaded" for "https://www.joinquant.com/community"
1514861705768	Marionette	DEBUG	Received DOM event "pageshow" for "https://www.joinquant.com/community"
1514861707904	Marionette	DEBUG	Received DOM event "beforeunload" for "https://www.joinquant.com/community"
1514861708102	Marionette	DEBUG	Received DOM event "pagehide" for "https://www.joinquant.com/community"
1514861708103	Marionette	DEBUG	Received DOM event "unload" for "https://www.joinquant.com/community"
JavaScript warning: https://cdn.joinquant.net/common/js/lib.min.js?v=2017122216070620171227195225, line 14: unreachable code after return statement
1514861708484	Marionette	DEBUG	Received DOM event "DOMContentLoaded" for "https://www.joinquant.com/research?target=research&url=/user/71400787116/notebooks/Untitled.ipynb"
1514861709291	Marionette	DEBUG	Received DOM event "pageshow" for "https://www.joinquant.com/research?target=research&url=/user/71400787116/notebooks/Untitled.ipynb"
JavaScript error: https://static.joinquant.com/research/jupyter/components/requirejs/require.js?v=2de44fdcc1fe5e939aa4ce80626b241d, line 165: Error: Module name "notebook/js/cell" has not been loaded yet for context: _. Use require([])
http://requirejs.org/docs/errors.html#notloaded
1514861714362	Marionette	DEBUG	Received DOM event "beforeunload" for "https://www.joinquant.com/research?target=research&url=/user/71400787116/notebooks/Untitled.ipynb"
1514861714407	Marionette	DEBUG	Received DOM event "pagehide" for "https://www.joinquant.com/research?target=research&url=/user/71400787116/notebooks/Untitled.ipynb"
1514861714408	Marionette	DEBUG	Received DOM event "unload" for "https://www.joinquant.com/research?target=research&url=/user/71400787116/notebooks/Untitled.ipynb"
JavaScript warning: https://cdn.joinquant.net/common/js/lib.min.js?v=2017122216070620171227195225, line 14: unreachable code after return statement
1514861714614	Marionette	DEBUG	Received observer notification "outer-window-destroyed" for "2147483655"
1514861714677	Marionette	DEBUG	Received DOM event "DOMContentLoaded" for "https://www.joinquant.com/research?target=research&url=/user/71400787116/notebooks/Untitled.ipynb"
1514861715508	Marionette	DEBUG	Received DOM event "pageshow" for "https://www.joinquant.com/research?target=research&url=/user/71400787116/notebooks/Untitled.ipynb"
console.error: 
  Message: Error: Source map at https://cdn.joinquant.net/common/css/bootstrap-select.css.map not found or invalid
  Stack:
    _fetchSourceMap/map<@resource://devtools/shared/base-loader.js -> resource://devtools/server/actors/stylesheets.js:578:25
process@resource://gre/modules/Promise.jsm -> resource://gre/modules/Promise-backend.js:922:23
walkerLoop@resource://gre/modules/Promise.jsm -> resource://gre/modules/Promise-backend.js:806:7
scheduleWalkerLoop/<@resource://gre/modules/Promise.jsm -> resource://gre/modules/Promise-backend.js:742:11

_fetchSourceMap/map<@resource://devtools/shared/base-loader.js -> resource://devtools/server/actors/stylesheets.js:578:25
process@resource://gre/modules/Promise.jsm -> resource://gre/modules/Promise-backend.js:922:23
walkerLoop@resource://gre/modules/Promise.jsm -> resource://gre/modules/Promise-backend.js:806:7
scheduleWalkerLoop/<@resource://gre/modules/Promise.jsm -> resource://gre/modules/Promise-backend.js:742:11
console.error: 
  Protocol error (unknownError): Source map at https://cdn.joinquant.net/common/css/bootstrap-select.css.map not found or invalid
JavaScript error: chrome://global/content/browser-content.js, line 1206: IndexSizeError: Index or size is negative or greater than the allowed amount
1514861911226	geckodriver	INFO	geckodriver 0.18.0
1514861911232	geckodriver	INFO	Listening on 127.0.0.1:52520
1514861912339	geckodriver::marionette	INFO	Starting browser /Applications/Firefox.app/Contents/MacOS/firefox-bin with args ["-marionette"]
1514861913134	Marionette	INFO	Enabled via --marionette
2018-01-02 10:58:34.810 plugin-container[1971:51766] *** CFMessagePort: bootstrap_register(): failed 1100 (0x44c) 'Permission denied', port = 0x873f, name = 'com.apple.tsm.portname'
See /usr/include/servers/bootstrap_defs.h for the error codes.
1514861915397	Marionette	INFO	Listening on port 52525
1514861915451	Marionette	WARN	TLS certificate errors will be ignored for this session
1514861915515	Marionette	DEBUG	Register listener.js for window 2147483649
1514861915531	Marionette	DEBUG	Received DOM event "beforeunload" for "about:blank"
1514861916711	Marionette	DEBUG	Received DOM event "pagehide" for "about:blank"
1514861916713	Marionette	DEBUG	Received DOM event "unload" for "about:blank"
JavaScript warning: https://cdn.joinquant.net/common/js/lib.min.js?v=2017122216070620171227195225, line 14: unreachable code after return statement
1514861918982	Marionette	DEBUG	Received DOM event "DOMContentLoaded" for "https://www.joinquant.com/user/login/index"
1514861919109	Marionette	DEBUG	Received DOM event "pageshow" for "https://www.joinquant.com/user/login/index"
1514861919626	Marionette	DEBUG	Received DOM event "beforeunload" for "https://www.joinquant.com/user/login/index"
1514861919735	Marionette	DEBUG	Received DOM event "pagehide" for "https://www.joinquant.com/user/login/index"
1514861919735	Marionette	DEBUG	Received DOM event "unload" for "https://www.joinquant.com/user/login/index"
JavaScript warning: https://cdn.joinquant.net/common/js/lib.min.js?v=2017122216070620171227195225, line 14: unreachable code after return statement
1514861920397	Marionette	DEBUG	Received DOM event "DOMContentLoaded" for "https://www.joinquant.com/community"
1514861920782	Marionette	DEBUG	Received DOM event "pageshow" for "https://www.joinquant.com/community"
1514861922834	Marionette	DEBUG	Received DOM event "beforeunload" for "https://www.joinquant.com/community"
1514861923108	Marionette	DEBUG	Received DOM event "pagehide" for "https://www.joinquant.com/community"
1514861923109	Marionette	DEBUG	Received DOM event "unload" for "https://www.joinquant.com/community"
JavaScript warning: https://cdn.joinquant.net/common/js/lib.min.js?v=2017122216070620171227195225, line 14: unreachable code after return statement
1514861923488	Marionette	DEBUG	Received DOM event "DOMContentLoaded" for "https://www.joinquant.com/research?target=research&url=/user/71400787116/notebooks/Untitled.ipynb"
JavaScript error: https://static.joinquant.com/research/jupyter/components/requirejs/require.js?v=2de44fdcc1fe5e939aa4ce80626b241d, line 165: Error: Module name "notebook/js/cell" has not been loaded yet for context: _. Use require([])
http://requirejs.org/docs/errors.html#notloaded
1514861924744	Marionette	DEBUG	Received DOM event "pageshow" for "https://www.joinquant.com/research?target=research&url=/user/71400787116/notebooks/Untitled.ipynb"
1514861929828	Marionette	DEBUG	Received DOM event "beforeunload" for "https://www.joinquant.com/research?target=research&url=/user/71400787116/notebooks/Untitled.ipynb"
1514861929985	Marionette	DEBUG	Received DOM event "pagehide" for "https://www.joinquant.com/research?target=research&url=/user/71400787116/notebooks/Untitled.ipynb"
1514861929986	Marionette	DEBUG	Received DOM event "unload" for "https://www.joinquant.com/research?target=research&url=/user/71400787116/notebooks/Untitled.ipynb"
JavaScript warning: https://cdn.joinquant.net/common/js/lib.min.js?v=2017122216070620171227195225, line 14: unreachable code after return statement
1514861930227	Marionette	DEBUG	Received observer notification "outer-window-destroyed" for "2147483655"
1514861930278	Marionette	DEBUG	Received DOM event "DOMContentLoaded" for "https://www.joinquant.com/research?target=research&url=/user/71400787116/notebooks/Untitled.ipynb"
1514861932893	Marionette	DEBUG	Received DOM event "pageshow" for "https://www.joinquant.com/research?target=research&url=/user/71400787116/notebooks/Untitled.ipynb"
1514862074571	geckodriver	INFO	geckodriver 0.18.0
1514862074575	geckodriver	INFO	Listening on 127.0.0.1:52686
1514862075638	geckodriver::marionette	INFO	Starting browser /Applications/Firefox.app/Contents/MacOS/firefox-bin with args ["-marionette"]
1514862076222	Marionette	INFO	Enabled via --marionette
2018-01-02 11:01:17.280 plugin-container[2020:53261] *** CFMessagePort: bootstrap_register(): failed 1100 (0x44c) 'Permission denied', port = 0x843f, name = 'com.apple.tsm.portname'
See /usr/include/servers/bootstrap_defs.h for the error codes.
1514862077902	Marionette	INFO	Listening on port 52691
1514862077974	Marionette	WARN	TLS certificate errors will be ignored for this session
1514862078049	Marionette	DEBUG	Register listener.js for window 2147483649
1514862078098	Marionette	DEBUG	Received DOM event "beforeunload" for "about:blank"
1514862079122	Marionette	DEBUG	Received DOM event "pagehide" for "about:blank"
1514862079122	Marionette	DEBUG	Received DOM event "unload" for "about:blank"
JavaScript warning: https://cdn.joinquant.net/common/js/lib.min.js?v=2017122216070620171227195225, line 14: unreachable code after return statement
1514862080895	Marionette	DEBUG	Received DOM event "DOMContentLoaded" for "https://www.joinquant.com/user/login/index"
1514862106780	Marionette	DEBUG	Received DOM event "pageshow" for "https://www.joinquant.com/user/login/index"
1514862107026	Marionette	DEBUG	Received DOM event "beforeunload" for "https://www.joinquant.com/user/login/index"
1514862107094	Marionette	DEBUG	Received DOM event "pagehide" for "https://www.joinquant.com/user/login/index"
1514862107094	Marionette	DEBUG	Received DOM event "unload" for "https://www.joinquant.com/user/login/index"
JavaScript warning: https://cdn.joinquant.net/common/js/lib.min.js?v=2017122216070620171227195225, line 14: unreachable code after return statement
1514862107422	Marionette	DEBUG	Received DOM event "DOMContentLoaded" for "https://www.joinquant.com/community"
1514862110068	Marionette	DEBUG	Received DOM event "pageshow" for "https://www.joinquant.com/community"

###!!! [Child][RunMessage] Error: Channel closing: too late to send/recv, messages will be lost

*** UTM:SVC TimerManager:registerTimer called after profile-before-change notification. Ignoring timer registration for id: telemetry_modules_ping
1514862159440	geckodriver	INFO	geckodriver 0.18.0
1514862159446	geckodriver	INFO	Listening on 127.0.0.1:52800
1514862160518	geckodriver::marionette	INFO	Starting browser /Applications/Firefox.app/Contents/MacOS/firefox-bin with args ["-marionette"]
1514862161131	Marionette	INFO	Enabled via --marionette
2018-01-02 11:02:42.088 plugin-container[2045:54205] *** CFMessagePort: bootstrap_register(): failed 1100 (0x44c) 'Permission denied', port = 0x863f, name = 'com.apple.tsm.portname'
See /usr/include/servers/bootstrap_defs.h for the error codes.
1514862162749	Marionette	INFO	Listening on port 52805
1514862162826	Marionette	WARN	TLS certificate errors will be ignored for this session
1514862162890	Marionette	DEBUG	Register listener.js for window 2147483649
1514862162909	Marionette	DEBUG	Received DOM event "beforeunload" for "about:blank"
1514862163800	Marionette	DEBUG	Received DOM event "pagehide" for "about:blank"
1514862163800	Marionette	DEBUG	Received DOM event "unload" for "about:blank"
JavaScript warning: https://cdn.joinquant.net/common/js/lib.min.js?v=2017122216070620171227195225, line 14: unreachable code after return statement
1514862166492	Marionette	DEBUG	Received DOM event "DOMContentLoaded" for "https://www.joinquant.com/user/login/index"
1514862166535	Marionette	DEBUG	Received DOM event "pageshow" for "https://www.joinquant.com/user/login/index"
1514862166843	Marionette	DEBUG	Received DOM event "beforeunload" for "https://www.joinquant.com/user/login/index"
1514862166899	Marionette	DEBUG	Received DOM event "pagehide" for "https://www.joinquant.com/user/login/index"
1514862166899	Marionette	DEBUG	Received DOM event "unload" for "https://www.joinquant.com/user/login/index"
JavaScript warning: https://cdn.joinquant.net/common/js/lib.min.js?v=2017122216070620171227195225, line 14: unreachable code after return statement
1514862167326	Marionette	DEBUG	Received DOM event "DOMContentLoaded" for "https://www.joinquant.com/community"
1514862167433	Marionette	DEBUG	Received DOM event "pageshow" for "https://www.joinquant.com/community"
console.error: 
  Message: Error: Source map at https://cdn.joinquant.net/common/css/bootstrap-select.css.map not found or invalid
  Stack:
    _fetchSourceMap/map<@resource://devtools/shared/base-loader.js -> resource://devtools/server/actors/stylesheets.js:578:25
process@resource://gre/modules/Promise.jsm -> resource://gre/modules/Promise-backend.js:922:23
walkerLoop@resource://gre/modules/Promise.jsm -> resource://gre/modules/Promise-backend.js:806:7
scheduleWalkerLoop/<@resource://gre/modules/Promise.jsm -> resource://gre/modules/Promise-backend.js:742:11

_fetchSourceMap/map<@resource://devtools/shared/base-loader.js -> resource://devtools/server/actors/stylesheets.js:578:25
process@resource://gre/modules/Promise.jsm -> resource://gre/modules/Promise-backend.js:922:23
walkerLoop@resource://gre/modules/Promise.jsm -> resource://gre/modules/Promise-backend.js:806:7
scheduleWalkerLoop/<@resource://gre/modules/Promise.jsm -> resource://gre/modules/Promise-backend.js:742:11
console.error: 
  Protocol error (unknownError): Source map at https://cdn.joinquant.net/common/css/bootstrap-select.css.map not found or invalid
JavaScript warning: https://cdn.joinquant.net/common/js/lib.min.js?v=2017122216070620171227195225, line 14: unreachable code after return statement
console.error: 
  Message: Error: Source map at https://cdn.joinquant.net/common/css/bootstrap-select.css.map not found or invalid
  Stack:
    _fetchSourceMap/map<@resource://devtools/shared/base-loader.js -> resource://devtools/server/actors/stylesheets.js:578:25
process@resource://gre/modules/Promise.jsm -> resource://gre/modules/Promise-backend.js:922:23
walkerLoop@resource://gre/modules/Promise.jsm -> resource://gre/modules/Promise-backend.js:806:7
scheduleWalkerLoop/<@resource://gre/modules/Promise.jsm -> resource://gre/modules/Promise-backend.js:742:11

_fetchSourceMap/map<@resource://devtools/shared/base-loader.js -> resource://devtools/server/actors/stylesheets.js:578:25
process@resource://gre/modules/Promise.jsm -> resource://gre/modules/Promise-backend.js:922:23
walkerLoop@resource://gre/modules/Promise.jsm -> resource://gre/modules/Promise-backend.js:806:7
scheduleWalkerLoop/<@resource://gre/modules/Promise.jsm -> resource://gre/modules/Promise-backend.js:742:11
console.error: 
  Protocol error (unknownError): Source map at https://cdn.joinquant.net/common/css/bootstrap-select.css.map not found or invalid
1514862592378	geckodriver	INFO	geckodriver 0.18.0
1514862592388	geckodriver	INFO	Listening on 127.0.0.1:52973
1514862593449	geckodriver::marionette	INFO	Starting browser /Applications/Firefox.app/Contents/MacOS/firefox-bin with args ["-marionette"]
1514862594115	Marionette	INFO	Enabled via --marionette
2018-01-02 11:09:55.503 plugin-container[2105:57572] *** CFMessagePort: bootstrap_register(): failed 1100 (0x44c) 'Permission denied', port = 0x8203, name = 'com.apple.tsm.portname'
See /usr/include/servers/bootstrap_defs.h for the error codes.
1514862596492	Marionette	INFO	Listening on port 52978
1514862596528	Marionette	WARN	TLS certificate errors will be ignored for this session
1514862596621	Marionette	DEBUG	Register listener.js for window 2147483649
1514862596693	Marionette	DEBUG	Received DOM event "beforeunload" for "about:blank"
1514862597586	Marionette	DEBUG	Received DOM event "pagehide" for "about:blank"
1514862597586	Marionette	DEBUG	Received DOM event "unload" for "about:blank"
JavaScript warning: https://cdn.joinquant.net/common/js/lib.min.js?v=2017122216070620171227195225, line 14: unreachable code after return statement
1514862598486	Marionette	DEBUG	Received DOM event "DOMContentLoaded" for "https://www.joinquant.com/user/login/index"
1514862598590	Marionette	DEBUG	Received DOM event "pageshow" for "https://www.joinquant.com/user/login/index"
1514862598930	Marionette	DEBUG	Received DOM event "beforeunload" for "https://www.joinquant.com/user/login/index"
1514862599000	Marionette	DEBUG	Received DOM event "pagehide" for "https://www.joinquant.com/user/login/index"
1514862599001	Marionette	DEBUG	Received DOM event "unload" for "https://www.joinquant.com/user/login/index"
JavaScript warning: https://cdn.joinquant.net/common/js/lib.min.js?v=2017122216070620171227195225, line 14: unreachable code after return statement
1514862599743	Marionette	DEBUG	Received DOM event "DOMContentLoaded" for "https://www.joinquant.com/community"
1514862603200	Marionette	DEBUG	Received DOM event "pageshow" for "https://www.joinquant.com/community"
